==========================
DHT Diagnostics. Type IPV4_DHT
# of active servers / all servers: 1/1
-----------------------
Stats
Reachable node estimate: 7095154 (0.5)
DB Keys: 0
DB Items: 0
TX sum: 190 RX sum: 2
avg task time/avg 1st result time (ms): 10672/10000
Uptime: PT40.027Ss
RPC stats
### local RPCs
            Method                 REQ |                 RSP               Error             Timeout 

              PING                 155 |                   0                   0                 122 
         FIND_NODE                  34 |                   1                   0                  23 
         GET_PEERS                   1 |                   1                   0                   0 
     ANNOUNCE_PEER                   0 |                   0                   0                   0 
               GET                   0 |                   0                   0                   0 
               PUT                   0 |                   0                   0                   0 
 SAMPLE_INFOHASHES                   0 |                   0                   0                   0 
           UNKNOWN                   0 |                   0                   0                   0 

### remote RPCs
            Method                 REQ |                 RSP              Errors 

              PING                   0 |                   0                   0 
         FIND_NODE                   0 |                   0                   0 
         GET_PEERS                   0 |                   0                   0 
     ANNOUNCE_PEER                   0 |                   0                   0 
               GET                   0 |                   0                   0 
               PUT                   0 |                   0                   0 
 SAMPLE_INFOHASHES                   0 |                   0                   0 
           UNKNOWN                   0 |                   0                   0 
-----------------------
Routing table
buckets: 10 / entries: 68
0...   num:0 rep:1
100000000...   num:8 rep:0 [Home]
100000001...   num:8 rep:5
10000001...   num:8 rep:7
1000001...   num:8 rep:4
100001...   num:8 rep:5
10001...   num:8 rep:3
1001...   num:8 rep:0
101...   num:4 rep:1
11...   num:8 rep:7

-----------------------
RPC Servers
807BF5CB 603122D1 1641FD24 2C904D8B 46D8B992	bind: /192.168.7.251 consensus: null
rx: 2 tx: 190 active: 42 baseRTT: 8025 loss: 0,495000  loss (verified): 0,883579 uptime: PT39.174S
RTT stats (1samples)  mean:2662.5002 median:325.0 mode:325.0 10tile:325.0 90tile:8025.0
     0 |     50 |    100 |    150 |    200 |    250 |    300 |    350 |    400 |    450 |    500 |    550 |    600 |    650 |    700 |    750 |    800 |    850 |    900 |    950 |   1000 |   1050 |   1100 |   1150 |   1200 |   1250 |   1300 |   1350 |   1400 |   1450 |   1500 |   1550 |   1600 |   1650 |   1700 |   1750 |   1800 |   1850 |   1900 |   1950 |   2000 |   2050 |   2100 |   2150 |   2200 |   2250 |   2300 |   2350 |   2400 |   2450 |   2500 |   2550 |   2600 |   2650 |   2700 |   2750 |   2800 |   2850 |   2900 |   2950 |   3000 |   3050 |   3100 |   3150 |   3200 |   3250 |   3300 |   3350 |   3400 |   3450 |   3500 |   3550 |   3600 |   3650 |   3700 |   3750 |   3800 |   3850 |   3900 |   3950 |   4000 |   4050 |   4100 |   4150 |   4200 |   4250 |   4300 |   4350 |   4400 |   4450 |   4500 |   4550 |   4600 |   4650 |   4700 |   4750 |   4800 |   4850 |   4900 |   4950 |   5000 |   5050 |   5100 |   5150 |   5200 |   5250 |   5300 |   5350 |   5400 |   5450 |   5500 |   5550 |   5600 |   5650 |   5700 |   5750 |   5800 |   5850 |   5900 |   5950 |   6000 |   6050 |   6100 |   6150 |   6200 |   6250 |   6300 |   6350 |   6400 |   6450 |   6500 |   6550 |   6600 |   6650 |   6700 |   6750 |   6800 |   6850 |   6900 |   6950 |   7000 |   7050 |   7100 |   7150 |   7200 |   7250 |   7300 |   7350 |   7400 |   7450 |   7500 |   7550 |   7600 |   7650 |   7700 |   7750 |   7800 |   7850 |   7900 |   7950 |   8000 |   8050 |   8100 |   8150 |   8200 |   8250 |   8300 |   8350 |   8400 |   8450 |   8500 |   8550 |   8600 |   8650 |   8700 |   8750 |   8800 |   8850 |   8900 |   8950 |   9000 |   9050 |   9100 |   9150 |   9200 |   9250 |   9300 |   9350 |   9400 |   9450 |   9500 |   9550 |   9600 |   9650 |   9700 |   9750 |   9800 |   9850 |   9900 |   9950 | 
    0% |     0% |     0% |     0% |     0% |     0% |    50% |     0% |     0% |     0% |     0% |     0% |     0% |     0% |     0% |     0% |     0% |     0% |     0% |     0% |     0% |     0% |     0% |     0% |     0% |     0% |     0% |     0% |     0% |     0% |     0% |     0% |     0% |     0% |     0% |     0% |     0% |     0% |     0% |     0% |     0% |     0% |     0% |     0% |     0% |     0% |     0% |     0% |     0% |     0% |     0% |     0% |     0% |     0% |     0% |     0% |     0% |     0% |     0% |     0% |     0% |     0% |     0% |     0% |     0% |     0% |     0% |     0% |     0% |     0% |     0% |     0% |     0% |     0% |     0% |     0% |     0% |     0% |     0% |     0% |     0% |     0% |     0% |     0% |     0% |     0% |     0% |     0% |     0% |     0% |     0% |     0% |     0% |     0% |     0% |     0% |     0% |     0% |     0% |     0% |     0% |     0% |     0% |     0% |     0% |     0% |     0% |     0% |     0% |     0% |     0% |     0% |     0% |     0% |     0% |     0% |     0% |     0% |     0% |     0% |     0% |     0% |     0% |     0% |     0% |     0% |     0% |     0% |     0% |     0% |     0% |     0% |     0% |     0% |     0% |     0% |     0% |     0% |     0% |     0% |     0% |     0% |     0% |     0% |     0% |     0% |     0% |     0% |     0% |     0% |     0% |     0% |     0% |     0% |     0% |     0% |     0% |     0% |     0% |     0% |     0% |     0% |     0% |     0% |     0% |     0% |     0% |     0% |     0% |     0% |     0% |     0% |     0% |     0% |     0% |     0% |     0% |     0% |     0% |     0% |     0% |     0% |     0% |     0% |     0% |     0% |     0% |     0% |     0% |     0% |     0% |     0% |     0% |     0% |     0% |     0% |     0% |     0% |     0% |     0% | 
-----------------------
Blacklist
{OBSERVING_PASSIVELY=1}
-----------------------
Lookup Cache
anchors (0):
buckets (1) / entries (0):

all entries: 0
-----------------------
Tasks
next id: 29
#### active: 
PingRefreshTask 9 todo:0 SENT:9 RECEIVED:0 STALLED:0 FAILED:8 SENT_SINCE_RECEIVE:9 activeOnly:1 unanswered:1 srv: 807BF5CB 603122D1 1641FD24 2C904D8B 46D8B992 RUNNING age:PT14.281S name:Startup ping for 10000000011110110...
PingRefreshTask 10 todo:0 SENT:12 RECEIVED:0 STALLED:0 FAILED:8 SENT_SINCE_RECEIVE:12 activeOnly:4 unanswered:4 srv: 807BF5CB 603122D1 1641FD24 2C904D8B 46D8B992 RUNNING age:PT14.266S name:Startup ping for 100000000111101110...
PingRefreshTask 13 todo:0 SENT:11 RECEIVED:0 STALLED:0 FAILED:8 SENT_SINCE_RECEIVE:11 activeOnly:3 unanswered:3 srv: 807BF5CB 603122D1 1641FD24 2C904D8B 46D8B992 RUNNING age:PT14.265S name:Startup ping for 10000000011111...
PingRefreshTask 14 todo:0 SENT:8 RECEIVED:0 STALLED:0 FAILED:0 SENT_SINCE_RECEIVE:8 activeOnly:8 unanswered:8 srv: 807BF5CB 603122D1 1641FD24 2C904D8B 46D8B992 RUNNING age:PT4.278S name:Startup ping for 100000001...
PingRefreshTask 15 todo:0 SENT:8 RECEIVED:0 STALLED:0 FAILED:0 SENT_SINCE_RECEIVE:8 activeOnly:8 unanswered:8 srv: 807BF5CB 603122D1 1641FD24 2C904D8B 46D8B992 RUNNING age:PT4.26S name:Startup ping for 10000001...
PingRefreshTask 16 todo:0 SENT:8 RECEIVED:0 STALLED:0 FAILED:0 SENT_SINCE_RECEIVE:8 activeOnly:8 unanswered:8 srv: 807BF5CB 603122D1 1641FD24 2C904D8B 46D8B992 RUNNING age:PT4.259S name:Startup ping for 1000001...
NodeLookup 28 target:A1CFD610 AA8574FE 2599EA75 7472F4EF F342DA61 todo:14 SENT:10 RECEIVED:0 STALLED:0 FAILED:0 SENT_SINCE_RECEIVE:10 activeOnly:10 unanswered:10 srv: 807BF5CB 603122D1 1641FD24 2C904D8B 46D8B992 RUNNING age:PT4.254S name:Filling Bucket #101...
#### queued: 
NodeLookup 27 target:807DF07A 00DE1AF4 6090A347 1A55E969 03A4E61D todo:0 srv: 807BF5CB 603122D1 1641FD24 2C904D8B 46D8B992 QUEUED name:Filling Bucket #10000000011111...
NodeLookup 26 target:807BB1CD EE90DCA8 EC902624 F4993933 E91082C7 todo:0 srv: 807BF5CB 603122D1 1641FD24 2C904D8B 46D8B992 QUEUED name:Filling Bucket #100000000111101110...
NodeLookup 25 target:807B2727 D5CF0E6C 621CDCD1 67669F8B C5D13D10 todo:0 srv: 807BF5CB 603122D1 1641FD24 2C904D8B 46D8B992 QUEUED name:Filling Bucket #10000000011110110...
PingRefreshTask 17 todo:8 srv: 807BF5CB 603122D1 1641FD24 2C904D8B 46D8B992 QUEUED name:Startup ping for 100001...
PingRefreshTask 18 todo:8 srv: 807BF5CB 603122D1 1641FD24 2C904D8B 46D8B992 QUEUED name:Startup ping for 10001...
PingRefreshTask 19 todo:8 srv: 807BF5CB 603122D1 1641FD24 2C904D8B 46D8B992 QUEUED name:Startup ping for 1001...
PingRefreshTask 20 todo:5 srv: 807BF5CB 603122D1 1641FD24 2C904D8B 46D8B992 QUEUED name:Startup ping for 101...
PingRefreshTask 21 todo:8 srv: 807BF5CB 603122D1 1641FD24 2C904D8B 46D8B992 QUEUED name:Startup ping for 11...
PingRefreshTask 23 todo:4 srv: 807BF5CB 603122D1 1641FD24 2C904D8B 46D8B992 QUEUED name:checking sibling bucket entries after ID change was detected
PingRefreshTask 24 todo:1 srv: 807BF5CB 603122D1 1641FD24 2C904D8B 46D8B992 QUEUED name:Refreshing Bucket #0...
PingRefreshTask 29 todo:8 srv: 807BF5CB 603122D1 1641FD24 2C904D8B 46D8B992 QUEUED name:Refreshing Bucket #100000000...



==========================
DHT Diagnostics. Type IPV6_DHT
# of active servers / all servers: 0/1
-----------------------
Stats
Reachable node estimate: 2 (0.5)
DB Keys: 0
DB Items: 0
TX sum: 8 RX sum: 0
avg task time/avg 1st result time (ms): 10000/10000
Uptime: PT39.134Ss
RPC stats
### local RPCs
            Method                 REQ |                 RSP               Error             Timeout 

              PING                   0 |                   0                   0                   0 
         FIND_NODE                   8 |                   0                   0                   6 
         GET_PEERS                   0 |                   0                   0                   0 
     ANNOUNCE_PEER                   0 |                   0                   0                   0 
               GET                   0 |                   0                   0                   0 
               PUT                   0 |                   0                   0                   0 
 SAMPLE_INFOHASHES                   0 |                   0                   0                   0 
           UNKNOWN                   0 |                   0                   0                   0 

### remote RPCs
            Method                 REQ |                 RSP              Errors 

              PING                   0 |                   0                   0 
         FIND_NODE                   0 |                   0                   0 
         GET_PEERS                   0 |                   0                   0 
     ANNOUNCE_PEER                   0 |                   0                   0 
               GET                   0 |                   0                   0 
               PUT                   0 |                   0                   0 
 SAMPLE_INFOHASHES                   0 |                   0                   0 
           UNKNOWN                   0 |                   0                   0 
-----------------------
Routing table
buckets: 1 / entries: 0
all   num:0 rep:0 [Home]

-----------------------
RPC Servers
807BF5CB 603122D1 1641FD24 2C904D8B 46D8B992	bind: /fd3c:29e4:9ddf:e8f8:887a:ff73:61e0:a09a consensus: null
rx: 0 tx: 8 active: 2 baseRTT: 10000 loss: 0,529260  loss (verified): 0,500000 uptime: PT39.117S
RTT stats (0samples)  mean:9975.0 median:9975.0 mode:9975.0 10tile:9975.0 90tile:9975.0
  9950 | 
  100% | 
-----------------------
Blacklist
{}
-----------------------
Lookup Cache
anchors (0):
buckets (1) / entries (0):

all entries: 0
-----------------------
Tasks
next id: 1
#### active: 
#### queued: 



